<?xml version="1.0" encoding="UTF-8"?>
<!-- Generated by org.testng.reporters.JUnitReportReporter -->
<testsuite hostname="Srinivass-MacBook-Air.local" failures="0" tests="1" name="testcases.TC2_Login" time="4.429" errors="0" timestamp="2024-12-09T15:40:39 GMT" skipped="0">
  <testcase classname="testcases.TC2_Login" name="testLoginWithValidCredentials" time="4.429"/>
</testsuite> <!-- testcases.TC2_Login -->
