<?xml version="1.0" encoding="UTF-8"?>
<!-- Generated by org.testng.reporters.JUnitReportReporter -->
<testsuite hostname="Srinivass-MacBook-Air.local" failures="0" tests="1" name="testcases.TC1_Registration" time="4.420" errors="0" timestamp="2024-11-22T15:52:54 GMT" skipped="0">
  <testcase classname="testcases.TC1_Registration" name="testUserRegistration" time="4.420"/>
</testsuite> <!-- testcases.TC1_Registration -->
