<?xml version="1.0" encoding="UTF-8"?>
<!-- Generated by org.testng.reporters.JUnitReportReporter -->
<testsuite hostname="Srinivass-MacBook-Air.local" failures="0" tests="1" name="testcases.TC1_Registration" time="3.836" errors="0" timestamp="2024-12-09T15:40:39 GMT" skipped="0">
  <testcase classname="testcases.TC1_Registration" name="testUserRegistration" time="3.836"/>
</testsuite> <!-- testcases.TC1_Registration -->
